# JRE version: OpenJDK Runtime Environment GraalVM CE 22.3.0 (17.0.5+8) (build 17.0.5+8-jvmci-22.3-b08)
# Java VM: OpenJDK 64-Bit Server VM GraalVM CE 22.3.0 (17.0.5+8-jvmci-22.3-b08, mixed mode, sharing, tiered, jvmci, jvmci compiler, compressed oops, compressed class ptrs, parallel gc, linux-amd64)
GC Precious Log:
 CPUs: 8 total, 1 available
 Memory: 1024M
 Large Page Support: Disabled
 NUMA Support: Disabled
 Compressed Oops: Enabled (32-bit)
 Alignments: Space 512K, Generation 512K, Heap 2M
 Heap Min Capacity: 100M
 Heap Initial Capacity: 100M
 Heap Max Capacity: 512M
 Pre-touch: Disabled
 Parallel Workers: 1
Heap:
 PSYoungGen      total 26112K, used 14608K [0x00000000f5580000, 0x00000000f9300000, 0x0000000100000000)
  eden space 10240K, 100% used [0x00000000f5580000,0x00000000f5f80000,0x00000000f5f80000)
  from space 15872K, 27% used [0x00000000f7900000,0x00000000f7d44138,0x00000000f8880000)
  to   space 26112K, 0% used [0x00000000f5f80000,0x00000000f5f80000,0x00000000f7900000)
 ParOldGen       total 349696K, used 349695K [0x00000000e0000000, 0x00000000f5580000, 0x00000000f5580000)
  object space 349696K, 99% used [0x00000000e0000000,0x00000000f557ffe0,0x00000000f5580000)
 Metaspace       used 53869K, committed 54720K, reserved 1097728K
  class space    used 5363K, committed 5696K, reserved 1048576K
GC Heap History (20 events):
Event: 523.105 GC heap before
{Heap before GC invocations=446 (full 338):
 PSYoungGen      total 26112K, used 14608K [0x00000000f5580000, 0x00000000f9300000, 0x0000000100000000)
  eden space 10240K, 99% used [0x00000000f5580000,0x00000000f5f7fff8,0x00000000f5f80000)
  from space 15872K, 27% used [0x00000000f7900000,0x00000000f7d44138,0x00000000f8880000)
  to   space 26112K, 0% used [0x00000000f5f80000,0x00000000f5f80000,0x00000000f7900000)
 ParOldGen       total 349696K, used 349695K [0x00000000e0000000, 0x00000000f5580000, 0x00000000f5580000)
  object space 349696K, 99% used [0x00000000e0000000,0x00000000f557ff90,0x00000000f5580000)
 Metaspace       used 53869K, committed 54720K, reserved 1097728K
  class space    used 5363K, committed 5696K, reserved 1048576K
}
Event: 524.304 GC heap after
{Heap after GC invocations=446 (full 338):
 PSYoungGen      total 26112K, used 14608K [0x00000000f5580000, 0x00000000f9300000, 0x0000000100000000)
  eden space 10240K, 99% used [0x00000000f5580000,0x00000000f5f7fff8,0x00000000f5f80000)
  from space 15872K, 27% used [0x00000000f7900000,0x00000000f7d44138,0x00000000f8880000)
  to   space 26112K, 0% used [0x00000000f5f80000,0x00000000f5f80000,0x00000000f7900000)
 ParOldGen       total 349696K, used 349695K [0x00000000e0000000, 0x00000000f5580000, 0x00000000f5580000)
  object space 349696K, 99% used [0x00000000e0000000,0x00000000f557ff90,0x00000000f5580000)
 Metaspace       used 53869K, committed 54720K, reserved 1097728K
  class space    used 5363K, committed 5696K, reserved 1048576K
}
Event: 524.304 GC heap before
{Heap before GC invocations=447 (full 339):
 PSYoungGen      total 26112K, used 14608K [0x00000000f5580000, 0x00000000f9300000, 0x0000000100000000)
  eden space 10240K, 99% used [0x00000000f5580000,0x00000000f5f7fff8,0x00000000f5f80000)
  from space 15872K, 27% used [0x00000000f7900000,0x00000000f7d44138,0x00000000f8880000)
  to   space 26112K, 0% used [0x00000000f5f80000,0x00000000f5f80000,0x00000000f7900000)
 ParOldGen       total 349696K, used 349695K [0x00000000e0000000, 0x00000000f5580000, 0x00000000f5580000)
  object space 349696K, 99% used [0x00000000e0000000,0x00000000f557ff90,0x00000000f5580000)
 Metaspace       used 53869K, committed 54720K, reserved 1097728K
  class space    used 5363K, committed 5696K, reserved 1048576K
}
Event: 525.515 GC heap after
{Heap after GC invocations=447 (full 339):
 PSYoungGen      total 26112K, used 14608K [0x00000000f5580000, 0x00000000f9300000, 0x0000000100000000)
  eden space 10240K, 99% used [0x00000000f5580000,0x00000000f5f7fff8,0x00000000f5f80000)
  from space 15872K, 27% used [0x00000000f7900000,0x00000000f7d44138,0x00000000f8880000)
  to   space 26112K, 0% used [0x00000000f5f80000,0x00000000f5f80000,0x00000000f7900000)
 ParOldGen       total 349696K, used 349695K [0x00000000e0000000, 0x00000000f5580000, 0x00000000f5580000)
  object space 349696K, 99% used [0x00000000e0000000,0x00000000f557ff90,0x00000000f5580000)
 Metaspace       used 53869K, committed 54720K, reserved 1097728K
  class space    used 5363K, committed 5696K, reserved 1048576K
}
Event: 525.516 GC heap before
{Heap before GC invocations=448 (full 340):
 PSYoungGen      total 26112K, used 14608K [0x00000000f5580000, 0x00000000f9300000, 0x0000000100000000)
  eden space 10240K, 99% used [0x00000000f5580000,0x00000000f5f7fff8,0x00000000f5f80000)
  from space 15872K, 27% used [0x00000000f7900000,0x00000000f7d44138,0x00000000f8880000)
  to   space 26112K, 0% used [0x00000000f5f80000,0x00000000f5f80000,0x00000000f7900000)
 ParOldGen       total 349696K, used 349695K [0x00000000e0000000, 0x00000000f5580000, 0x00000000f5580000)
  object space 349696K, 99% used [0x00000000e0000000,0x00000000f557ffc8,0x00000000f5580000)
 Metaspace       used 53869K, committed 54720K, reserved 1097728K
  class space    used 5363K, committed 5696K, reserved 1048576K
}
Event: 526.714 GC heap after
{Heap after GC invocations=448 (full 340):
 PSYoungGen      total 26112K, used 14608K [0x00000000f5580000, 0x00000000f9300000, 0x0000000100000000)
  eden space 10240K, 99% used [0x00000000f5580000,0x00000000f5f7fff8,0x00000000f5f80000)
  from space 15872K, 27% used [0x00000000f7900000,0x00000000f7d44138,0x00000000f8880000)
  to   space 26112K, 0% used [0x00000000f5f80000,0x00000000f5f80000,0x00000000f7900000)
 ParOldGen       total 349696K, used 349695K [0x00000000e0000000, 0x00000000f5580000, 0x00000000f5580000)
  object space 349696K, 99% used [0x00000000e0000000,0x00000000f557fe58,0x00000000f5580000)
 Metaspace       used 53869K, committed 54720K, reserved 1097728K
  class space    used 5363K, committed 5696K, reserved 1048576K
}
Event: 526.716 GC heap before
{Heap before GC invocations=449 (full 341):
 PSYoungGen      total 26112K, used 14608K [0x00000000f5580000, 0x00000000f9300000, 0x0000000100000000)
  eden space 10240K, 99% used [0x00000000f5580000,0x00000000f5f7fff8,0x00000000f5f80000)
  from space 15872K, 27% used [0x00000000f7900000,0x00000000f7d44138,0x00000000f8880000)
  to   space 26112K, 0% used [0x00000000f5f80000,0x00000000f5f80000,0x00000000f7900000)
 ParOldGen       total 349696K, used 349695K [0x00000000e0000000, 0x00000000f5580000, 0x00000000f5580000)
  object space 349696K, 99% used [0x00000000e0000000,0x00000000f557fff0,0x00000000f5580000)
 Metaspace       used 53869K, committed 54720K, reserved 1097728K
  class space    used 5363K, committed 5696K, reserved 1048576K
}
Event: 527.861 GC heap after
{Heap after GC invocations=449 (full 341):
 PSYoungGen      total 26112K, used 14608K [0x00000000f5580000, 0x00000000f9300000, 0x0000000100000000)
  eden space 10240K, 99% used [0x00000000f5580000,0x00000000f5f7fff8,0x00000000f5f80000)
  from space 15872K, 27% used [0x00000000f7900000,0x00000000f7d44138,0x00000000f8880000)
  to   space 26112K, 0% used [0x00000000f5f80000,0x00000000f5f80000,0x00000000f7900000)
 ParOldGen       total 349696K, used 349695K [0x00000000e0000000, 0x00000000f5580000, 0x00000000f5580000)
  object space 349696K, 99% used [0x00000000e0000000,0x00000000f557fff0,0x00000000f5580000)
 Metaspace       used 53869K, committed 54720K, reserved 1097728K
  class space    used 5363K, committed 5696K, reserved 1048576K
}
Event: 527.862 GC heap before
{Heap before GC invocations=450 (full 342):
 PSYoungGen      total 26112K, used 14608K [0x00000000f5580000, 0x00000000f9300000, 0x0000000100000000)
  eden space 10240K, 99% used [0x00000000f5580000,0x00000000f5f7fff8,0x00000000f5f80000)
  from space 15872K, 27% used [0x00000000f7900000,0x00000000f7d44138,0x00000000f8880000)
  to   space 26112K, 0% used [0x00000000f5f80000,0x00000000f5f80000,0x00000000f7900000)
 ParOldGen       total 349696K, used 349695K [0x00000000e0000000, 0x00000000f5580000, 0x00000000f5580000)
  object space 349696K, 99% used [0x00000000e0000000,0x00000000f557fff0,0x00000000f5580000)
 Metaspace       used 53869K, committed 54720K, reserved 1097728K
  class space    used 5363K, committed 5696K, reserved 1048576K
}
Event: 529.097 GC heap after
{Heap after GC invocations=450 (full 342):
 PSYoungGen      total 26112K, used 14608K [0x00000000f5580000, 0x00000000f9300000, 0x0000000100000000)
  eden space 10240K, 99% used [0x00000000f5580000,0x00000000f5f7fff8,0x00000000f5f80000)
  from space 15872K, 27% used [0x00000000f7900000,0x00000000f7d44138,0x00000000f8880000)
  to   space 26112K, 0% used [0x00000000f5f80000,0x00000000f5f80000,0x00000000f7900000)
 ParOldGen       total 349696K, used 349695K [0x00000000e0000000, 0x00000000f5580000, 0x00000000f5580000)
  object space 349696K, 99% used [0x00000000e0000000,0x00000000f557fff0,0x00000000f5580000)
 Metaspace       used 53869K, committed 54720K, reserved 1097728K
  class space    used 5363K, committed 5696K, reserved 1048576K
}
Event: 529.098 GC heap before
{Heap before GC invocations=451 (full 343):
 PSYoungGen      total 26112K, used 14608K [0x00000000f5580000, 0x00000000f9300000, 0x0000000100000000)
  eden space 10240K, 99% used [0x00000000f5580000,0x00000000f5f7fff8,0x00000000f5f80000)
  from space 15872K, 27% used [0x00000000f7900000,0x00000000f7d44138,0x00000000f8880000)
  to   space 26112K, 0% used [0x00000000f5f80000,0x00000000f5f80000,0x00000000f7900000)
 ParOldGen       total 349696K, used 349695K [0x00000000e0000000, 0x00000000f5580000, 0x00000000f5580000)
  object space 349696K, 99% used [0x00000000e0000000,0x00000000f557fff0,0x00000000f5580000)
 Metaspace       used 53869K, committed 54720K, reserved 1097728K
  class space    used 5363K, committed 5696K, reserved 1048576K
}
Event: 530.260 GC heap after
{Heap after GC invocations=451 (full 343):
 PSYoungGen      total 26112K, used 14608K [0x00000000f5580000, 0x00000000f9300000, 0x0000000100000000)
  eden space 10240K, 99% used [0x00000000f5580000,0x00000000f5f7fff8,0x00000000f5f80000)
  from space 15872K, 27% used [0x00000000f7900000,0x00000000f7d44138,0x00000000f8880000)
  to   space 26112K, 0% used [0x00000000f5f80000,0x00000000f5f80000,0x00000000f7900000)
 ParOldGen       total 349696K, used 349695K [0x00000000e0000000, 0x00000000f5580000, 0x00000000f5580000)
  object space 349696K, 99% used [0x00000000e0000000,0x00000000f557fe58,0x00000000f5580000)
 Metaspace       used 53869K, committed 54720K, reserved 1097728K
  class space    used 5363K, committed 5696K, reserved 1048576K
}
Event: 530.260 GC heap before
{Heap before GC invocations=452 (full 344):
 PSYoungGen      total 26112K, used 14608K [0x00000000f5580000, 0x00000000f9300000, 0x0000000100000000)
  eden space 10240K, 99% used [0x00000000f5580000,0x00000000f5f7fff8,0x00000000f5f80000)
  from space 15872K, 27% used [0x00000000f7900000,0x00000000f7d44138,0x00000000f8880000)
  to   space 26112K, 0% used [0x00000000f5f80000,0x00000000f5f80000,0x00000000f7900000)
 ParOldGen       total 349696K, used 349695K [0x00000000e0000000, 0x00000000f5580000, 0x00000000f5580000)
  object space 349696K, 99% used [0x00000000e0000000,0x00000000f557fff8,0x00000000f5580000)
 Metaspace       used 53869K, committed 54720K, reserved 1097728K
  class space    used 5363K, committed 5696K, reserved 1048576K
}
Event: 531.431 GC heap after
{Heap after GC invocations=452 (full 344):
 PSYoungGen      total 26112K, used 14608K [0x00000000f5580000, 0x00000000f9300000, 0x0000000100000000)
  eden space 10240K, 99% used [0x00000000f5580000,0x00000000f5f7ffa8,0x00000000f5f80000)
  from space 15872K, 27% used [0x00000000f7900000,0x00000000f7d44138,0x00000000f8880000)
  to   space 26112K, 0% used [0x00000000f5f80000,0x00000000f5f80000,0x00000000f7900000)
 ParOldGen       total 349696K, used 349694K [0x00000000e0000000, 0x00000000f5580000, 0x00000000f5580000)
  object space 349696K, 99% used [0x00000000e0000000,0x00000000f557f910,0x00000000f5580000)
 Metaspace       used 53869K, committed 54720K, reserved 1097728K
  class space    used 5363K, committed 5696K, reserved 1048576K
}
Event: 531.431 GC heap before
{Heap before GC invocations=453 (full 345):
 PSYoungGen      total 26112K, used 14608K [0x00000000f5580000, 0x00000000f9300000, 0x0000000100000000)
  eden space 10240K, 100% used [0x00000000f5580000,0x00000000f5f80000,0x00000000f5f80000)
  from space 15872K, 27% used [0x00000000f7900000,0x00000000f7d44138,0x00000000f8880000)
  to   space 26112K, 0% used [0x00000000f5f80000,0x00000000f5f80000,0x00000000f7900000)
 ParOldGen       total 349696K, used 349696K [0x00000000e0000000, 0x00000000f5580000, 0x00000000f5580000)
  object space 349696K, 100% used [0x00000000e0000000,0x00000000f5580000,0x00000000f5580000)
 Metaspace       used 53869K, committed 54720K, reserved 1097728K
  class space    used 5363K, committed 5696K, reserved 1048576K
}
Event: 532.598 GC heap after
{Heap after GC invocations=453 (full 345):
 PSYoungGen      total 26112K, used 14608K [0x00000000f5580000, 0x00000000f9300000, 0x0000000100000000)
  eden space 10240K, 100% used [0x00000000f5580000,0x00000000f5f80000,0x00000000f5f80000)
  from space 15872K, 27% used [0x00000000f7900000,0x00000000f7d44138,0x00000000f8880000)
  to   space 26112K, 0% used [0x00000000f5f80000,0x00000000f5f80000,0x00000000f7900000)
 ParOldGen       total 349696K, used 349695K [0x00000000e0000000, 0x00000000f5580000, 0x00000000f5580000)
  object space 349696K, 99% used [0x00000000e0000000,0x00000000f557ff58,0x00000000f5580000)
 Metaspace       used 53869K, committed 54720K, reserved 1097728K
  class space    used 5363K, committed 5696K, reserved 1048576K
}
Event: 532.598 GC heap before
{Heap before GC invocations=454 (full 346):
 PSYoungGen      total 26112K, used 14608K [0x00000000f5580000, 0x00000000f9300000, 0x0000000100000000)
  eden space 10240K, 100% used [0x00000000f5580000,0x00000000f5f80000,0x00000000f5f80000)
  from space 15872K, 27% used [0x00000000f7900000,0x00000000f7d44138,0x00000000f8880000)
  to   space 26112K, 0% used [0x00000000f5f80000,0x00000000f5f80000,0x00000000f7900000)
 ParOldGen       total 349696K, used 349695K [0x00000000e0000000, 0x00000000f5580000, 0x00000000f5580000)
  object space 349696K, 99% used [0x00000000e0000000,0x00000000f557ffe0,0x00000000f5580000)
 Metaspace       used 53869K, committed 54720K, reserved 1097728K
  class space    used 5363K, committed 5696K, reserved 1048576K
}
Event: 533.728 GC heap after
{Heap after GC invocations=454 (full 346):
 PSYoungGen      total 26112K, used 14608K [0x00000000f5580000, 0x00000000f9300000, 0x0000000100000000)
  eden space 10240K, 100% used [0x00000000f5580000,0x00000000f5f80000,0x00000000f5f80000)
  from space 15872K, 27% used [0x00000000f7900000,0x00000000f7d44138,0x00000000f8880000)
  to   space 26112K, 0% used [0x00000000f5f80000,0x00000000f5f80000,0x00000000f7900000)
 ParOldGen       total 349696K, used 349695K [0x00000000e0000000, 0x00000000f5580000, 0x00000000f5580000)
  object space 349696K, 99% used [0x00000000e0000000,0x00000000f557ffe0,0x00000000f5580000)
 Metaspace       used 53869K, committed 54720K, reserved 1097728K
  class space    used 5363K, committed 5696K, reserved 1048576K
}
Event: 533.728 GC heap before
{Heap before GC invocations=455 (full 347):
 PSYoungGen      total 26112K, used 14608K [0x00000000f5580000, 0x00000000f9300000, 0x0000000100000000)
  eden space 10240K, 100% used [0x00000000f5580000,0x00000000f5f80000,0x00000000f5f80000)
  from space 15872K, 27% used [0x00000000f7900000,0x00000000f7d44138,0x00000000f8880000)
  to   space 26112K, 0% used [0x00000000f5f80000,0x00000000f5f80000,0x00000000f7900000)
 ParOldGen       total 349696K, used 349695K [0x00000000e0000000, 0x00000000f5580000, 0x00000000f5580000)
  object space 349696K, 99% used [0x00000000e0000000,0x00000000f557ffe0,0x00000000f5580000)
 Metaspace       used 53869K, committed 54720K, reserved 1097728K
  class space    used 5363K, committed 5696K, reserved 1048576K
}
Event: 534.948 GC heap after
{Heap after GC invocations=455 (full 347):
 PSYoungGen      total 26112K, used 14608K [0x00000000f5580000, 0x00000000f9300000, 0x0000000100000000)
  eden space 10240K, 100% used [0x00000000f5580000,0x00000000f5f80000,0x00000000f5f80000)
  from space 15872K, 27% used [0x00000000f7900000,0x00000000f7d44138,0x00000000f8880000)
  to   space 26112K, 0% used [0x00000000f5f80000,0x00000000f5f80000,0x00000000f7900000)
 ParOldGen       total 349696K, used 349695K [0x00000000e0000000, 0x00000000f5580000, 0x00000000f5580000)
  object space 349696K, 99% used [0x00000000e0000000,0x00000000f557ffe0,0x00000000f5580000)
 Metaspace       used 53869K, committed 54720K, reserved 1097728K
  class space    used 5363K, committed 5696K, reserved 1048576K
}

